2019-11-19 10:11:26 2944 [Note] Plugin 'FEDERATED' is disabled.
2019-11-19 10:11:26 2944 [Note] InnoDB: Using atomics to ref count buffer pool pages
2019-11-19 10:11:26 2944 [Note] InnoDB: The InnoDB memory heap is disabled
2019-11-19 10:11:26 2944 [Note] InnoDB: Mutexes and rw_locks use Windows interlocked functions
2019-11-19 10:11:26 2944 [Note] InnoDB: Memory barrier is not used
2019-11-19 10:11:26 2944 [Note] InnoDB: Compressed tables use zlib 1.2.3
2019-11-19 10:11:26 2944 [Note] InnoDB: Not using CPU crc32 instructions
2019-11-19 10:11:26 2944 [Note] InnoDB: Initializing buffer pool, size = 32.0M
2019-11-19 10:11:26 2944 [Note] InnoDB: Completed initialization of buffer pool
2019-11-19 10:11:26 2944 [Note] InnoDB: Highest supported file format is Barracuda.
2019-11-19 10:11:27 2944 [Note] InnoDB: 128 rollback segment(s) are active.
2019-11-19 10:11:27 2944 [Note] InnoDB: Waiting for purge to start
2019-11-19 10:11:27 2944 [Note] InnoDB: 5.6.35 started; log sequence number 125616851
2019-11-19 10:11:27 2944 [Note] Server hostname (bind-address): '127.0.0.1'; port: 3306
2019-11-19 10:11:27 2944 [Note]   - '127.0.0.1' resolves to '127.0.0.1';
2019-11-19 10:11:27 2944 [Note] Server socket created on IP: '127.0.0.1'.
2019-11-19 10:11:27 2944 [Note] Event Scheduler: Loaded 0 events
2019-11-19 10:11:27 2944 [Note] C:\Users\amg\Downloads\PHP-App-Remote-Code\PHP-App-Remote-Code-Execution-Testbed-master\PHP-App-Remote-Code-Execution-Testbed-master\App\core\mysql\bin\mysqld_z.exe: ready for connections.
Version: '5.6.35'  socket: ''  port: 3306  MySQL Community Server (GPL)
2019-11-19 10:29:45 2944 [Note] C:\Users\amg\Downloads\PHP-App-Remote-Code\PHP-App-Remote-Code-Execution-Testbed-master\PHP-App-Remote-Code-Execution-Testbed-master\App\core\mysql\bin\mysqld_z.exe: Normal shutdown

2019-11-19 10:29:45 2944 [Note] Giving 0 client threads a chance to die gracefully
2019-11-19 10:29:45 2944 [Note] Event Scheduler: Purging the queue. 0 events
2019-11-19 10:29:45 2944 [Note] Shutting down slave threads
2019-11-19 10:29:45 2944 [Note] Forcefully disconnecting 0 remaining clients
2019-11-19 10:29:45 2944 [Note] Binlog end
2019-11-19 10:29:45 2944 [Note] Shutting down plugin 'partition'
2019-11-19 10:29:45 2944 [Note] Shutting down plugin 'PERFORMANCE_SCHEMA'
2019-11-19 10:29:45 2944 [Note] Shutting down plugin 'INNODB_SYS_DATAFILES'
2019-11-19 10:29:45 2944 [Note] Shutting down plugin 'INNODB_SYS_TABLESPACES'
2019-11-19 10:29:46 2944 [Note] Shutting down plugin 'INNODB_SYS_FOREIGN_COLS'
2019-11-19 10:29:46 2944 [Note] Shutting down plugin 'INNODB_SYS_FOREIGN'
2019-11-19 10:29:46 2944 [Note] Shutting down plugin 'INNODB_SYS_FIELDS'
2019-11-19 10:29:46 2944 [Note] Shutting down plugin 'INNODB_SYS_COLUMNS'
2019-11-19 10:29:46 2944 [Note] Shutting down plugin 'INNODB_SYS_INDEXES'
2019-11-19 10:29:46 2944 [Note] Shutting down plugin 'INNODB_SYS_TABLESTATS'
2019-11-19 10:29:46 2944 [Note] Shutting down plugin 'INNODB_SYS_TABLES'
2019-11-19 10:29:46 2944 [Note] Shutting down plugin 'INNODB_FT_INDEX_TABLE'
2019-11-19 10:29:46 2944 [Note] Shutting down plugin 'INNODB_FT_INDEX_CACHE'
2019-11-19 10:29:46 2944 [Note] Shutting down plugin 'INNODB_FT_CONFIG'
2019-11-19 10:29:46 2944 [Note] Shutting down plugin 'INNODB_FT_BEING_DELETED'
2019-11-19 10:29:46 2944 [Note] Shutting down plugin 'INNODB_FT_DELETED'
2019-11-19 10:29:46 2944 [Note] Shutting down plugin 'INNODB_FT_DEFAULT_STOPWORD'
2019-11-19 10:29:46 2944 [Note] Shutting down plugin 'INNODB_METRICS'
2019-11-19 10:29:46 2944 [Note] Shutting down plugin 'INNODB_BUFFER_POOL_STATS'
2019-11-19 10:29:46 2944 [Note] Shutting down plugin 'INNODB_BUFFER_PAGE_LRU'
2019-11-19 10:29:46 2944 [Note] Shutting down plugin 'INNODB_BUFFER_PAGE'
2019-11-19 10:29:46 2944 [Note] Shutting down plugin 'INNODB_CMP_PER_INDEX_RESET'
2019-11-19 10:29:46 2944 [Note] Shutting down plugin 'INNODB_CMP_PER_INDEX'
2019-11-19 10:29:46 2944 [Note] Shutting down plugin 'INNODB_CMPMEM_RESET'
2019-11-19 10:29:46 2944 [Note] Shutting down plugin 'INNODB_CMPMEM'
2019-11-19 10:29:46 2944 [Note] Shutting down plugin 'INNODB_CMP_RESET'
2019-11-19 10:29:46 2944 [Note] Shutting down plugin 'INNODB_CMP'
2019-11-19 10:29:46 2944 [Note] Shutting down plugin 'INNODB_LOCK_WAITS'
2019-11-19 10:29:46 2944 [Note] Shutting down plugin 'INNODB_LOCKS'
2019-11-19 10:29:46 2944 [Note] Shutting down plugin 'INNODB_TRX'
2019-11-19 10:29:46 2944 [Note] Shutting down plugin 'InnoDB'
2019-11-19 10:29:46 2944 [Note] InnoDB: FTS optimize thread exiting.
2019-11-19 10:29:46 2944 [Note] InnoDB: Starting shutdown...
2019-11-19 10:29:46 2944 [Note] InnoDB: Shutdown completed; log sequence number 125616861
2019-11-19 10:29:46 2944 [Note] Shutting down plugin 'BLACKHOLE'
2019-11-19 10:29:46 2944 [Note] Shutting down plugin 'ARCHIVE'
2019-11-19 10:29:46 2944 [Note] Shutting down plugin 'MRG_MYISAM'
2019-11-19 10:29:46 2944 [Note] Shutting down plugin 'MyISAM'
2019-11-19 10:29:46 2944 [Note] Shutting down plugin 'MEMORY'
2019-11-19 10:29:46 2944 [Note] Shutting down plugin 'CSV'
2019-11-19 10:29:46 2944 [Note] Shutting down plugin 'sha256_password'
2019-11-19 10:29:46 2944 [Note] Shutting down plugin 'mysql_old_password'
2019-11-19 10:29:46 2944 [Note] Shutting down plugin 'mysql_native_password'
2019-11-19 10:29:46 2944 [Note] Shutting down plugin 'binlog'
2019-11-19 10:29:46 2944 [Note] C:\Users\amg\Downloads\PHP-App-Remote-Code\PHP-App-Remote-Code-Execution-Testbed-master\PHP-App-Remote-Code-Execution-Testbed-master\App\core\mysql\bin\mysqld_z.exe: Shutdown complete

2019-11-19 10:29:47 4572 [Note] Plugin 'FEDERATED' is disabled.
2019-11-19 10:29:47 4572 [Note] InnoDB: Using atomics to ref count buffer pool pages
2019-11-19 10:29:47 4572 [Note] InnoDB: The InnoDB memory heap is disabled
2019-11-19 10:29:47 4572 [Note] InnoDB: Mutexes and rw_locks use Windows interlocked functions
2019-11-19 10:29:47 4572 [Note] InnoDB: Memory barrier is not used
2019-11-19 10:29:47 4572 [Note] InnoDB: Compressed tables use zlib 1.2.3
2019-11-19 10:29:47 4572 [Note] InnoDB: Not using CPU crc32 instructions
2019-11-19 10:29:47 4572 [Note] InnoDB: Initializing buffer pool, size = 32.0M
2019-11-19 10:29:47 4572 [Note] InnoDB: Completed initialization of buffer pool
2019-11-19 10:29:47 4572 [Note] InnoDB: Highest supported file format is Barracuda.
2019-11-19 10:29:47 4572 [Note] InnoDB: 128 rollback segment(s) are active.
2019-11-19 10:29:47 4572 [Note] InnoDB: Waiting for purge to start
2019-11-19 10:29:47 4572 [Note] InnoDB: 5.6.35 started; log sequence number 125616861
2019-11-19 10:29:47 4572 [Note] Server hostname (bind-address): '127.0.0.1'; port: 3306
2019-11-19 10:29:47 4572 [Note]   - '127.0.0.1' resolves to '127.0.0.1';
2019-11-19 10:29:47 4572 [Note] Server socket created on IP: '127.0.0.1'.
2019-11-19 10:29:47 4572 [Note] Event Scheduler: Loaded 0 events
2019-11-19 10:29:47 4572 [Note] C:\Users\amg\Downloads\PHP-App-Remote-Code\PHP-App-Remote-Code-Execution-Testbed-master\PHP-App-Remote-Code-Execution-Testbed-master\App\core\mysql\bin\mysqld_z.exe: ready for connections.
Version: '5.6.35'  socket: ''  port: 3306  MySQL Community Server (GPL)
2019-11-19 10:29:49 4572 [Note] C:\Users\amg\Downloads\PHP-App-Remote-Code\PHP-App-Remote-Code-Execution-Testbed-master\PHP-App-Remote-Code-Execution-Testbed-master\App\core\mysql\bin\mysqld_z.exe: Normal shutdown

2019-11-19 10:29:49 4572 [Note] Giving 0 client threads a chance to die gracefully
2019-11-19 10:29:49 4572 [Note] Event Scheduler: Purging the queue. 0 events
2019-11-19 10:29:49 4572 [Note] Shutting down slave threads
2019-11-19 10:29:49 4572 [Note] Forcefully disconnecting 0 remaining clients
2019-11-19 10:29:49 4572 [Note] Binlog end
2019-11-19 10:29:49 4572 [Note] Shutting down plugin 'partition'
2019-11-19 10:29:49 4572 [Note] Shutting down plugin 'PERFORMANCE_SCHEMA'
2019-11-19 10:29:49 4572 [Note] Shutting down plugin 'INNODB_SYS_DATAFILES'
2019-11-19 10:29:49 4572 [Note] Shutting down plugin 'INNODB_SYS_TABLESPACES'
2019-11-19 10:29:49 4572 [Note] Shutting down plugin 'INNODB_SYS_FOREIGN_COLS'
2019-11-19 10:29:49 4572 [Note] Shutting down plugin 'INNODB_SYS_FOREIGN'
2019-11-19 10:29:49 4572 [Note] Shutting down plugin 'INNODB_SYS_FIELDS'
2019-11-19 10:29:49 4572 [Note] Shutting down plugin 'INNODB_SYS_COLUMNS'
2019-11-19 10:29:49 4572 [Note] Shutting down plugin 'INNODB_SYS_INDEXES'
2019-11-19 10:29:49 4572 [Note] Shutting down plugin 'INNODB_SYS_TABLESTATS'
2019-11-19 10:29:49 4572 [Note] Shutting down plugin 'INNODB_SYS_TABLES'
2019-11-19 10:29:49 4572 [Note] Shutting down plugin 'INNODB_FT_INDEX_TABLE'
2019-11-19 10:29:49 4572 [Note] Shutting down plugin 'INNODB_FT_INDEX_CACHE'
2019-11-19 10:29:49 4572 [Note] Shutting down plugin 'INNODB_FT_CONFIG'
2019-11-19 10:29:49 4572 [Note] Shutting down plugin 'INNODB_FT_BEING_DELETED'
2019-11-19 10:29:49 4572 [Note] Shutting down plugin 'INNODB_FT_DELETED'
2019-11-19 10:29:49 4572 [Note] Shutting down plugin 'INNODB_FT_DEFAULT_STOPWORD'
2019-11-19 10:29:49 4572 [Note] Shutting down plugin 'INNODB_METRICS'
2019-11-19 10:29:49 4572 [Note] Shutting down plugin 'INNODB_BUFFER_POOL_STATS'
2019-11-19 10:29:49 4572 [Note] Shutting down plugin 'INNODB_BUFFER_PAGE_LRU'
2019-11-19 10:29:49 4572 [Note] Shutting down plugin 'INNODB_BUFFER_PAGE'
2019-11-19 10:29:49 4572 [Note] Shutting down plugin 'INNODB_CMP_PER_INDEX_RESET'
2019-11-19 10:29:49 4572 [Note] Shutting down plugin 'INNODB_CMP_PER_INDEX'
2019-11-19 10:29:49 4572 [Note] Shutting down plugin 'INNODB_CMPMEM_RESET'
2019-11-19 10:29:49 4572 [Note] Shutting down plugin 'INNODB_CMPMEM'
2019-11-19 10:29:49 4572 [Note] Shutting down plugin 'INNODB_CMP_RESET'
2019-11-19 10:29:49 4572 [Note] Shutting down plugin 'INNODB_CMP'
2019-11-19 10:29:49 4572 [Note] Shutting down plugin 'INNODB_LOCK_WAITS'
2019-11-19 10:29:49 4572 [Note] Shutting down plugin 'INNODB_LOCKS'
2019-11-19 10:29:49 4572 [Note] Shutting down plugin 'INNODB_TRX'
2019-11-19 10:29:49 4572 [Note] Shutting down plugin 'InnoDB'
2019-11-19 10:29:49 4572 [Note] InnoDB: FTS optimize thread exiting.
2019-11-19 10:29:49 4572 [Note] InnoDB: Starting shutdown...
2019-11-19 10:29:50 4572 [Note] InnoDB: Shutdown completed; log sequence number 125616871
2019-11-19 10:29:50 4572 [Note] Shutting down plugin 'BLACKHOLE'
2019-11-19 10:29:50 4572 [Note] Shutting down plugin 'ARCHIVE'
2019-11-19 10:29:50 4572 [Note] Shutting down plugin 'MRG_MYISAM'
2019-11-19 10:29:50 4572 [Note] Shutting down plugin 'MyISAM'
2019-11-19 10:29:50 4572 [Note] Shutting down plugin 'MEMORY'
2019-11-19 10:29:50 4572 [Note] Shutting down plugin 'CSV'
2019-11-19 10:29:50 4572 [Note] Shutting down plugin 'sha256_password'
2019-11-19 10:29:50 4572 [Note] Shutting down plugin 'mysql_old_password'
2019-11-19 10:29:50 4572 [Note] Shutting down plugin 'mysql_native_password'
2019-11-19 10:29:50 4572 [Note] Shutting down plugin 'binlog'
2019-11-19 10:29:50 4572 [Note] C:\Users\amg\Downloads\PHP-App-Remote-Code\PHP-App-Remote-Code-Execution-Testbed-master\PHP-App-Remote-Code-Execution-Testbed-master\App\core\mysql\bin\mysqld_z.exe: Shutdown complete

2019-11-19 10:29:52 7280 [Note] Plugin 'FEDERATED' is disabled.
2019-11-19 10:29:52 7280 [Note] InnoDB: Using atomics to ref count buffer pool pages
2019-11-19 10:29:52 7280 [Note] InnoDB: The InnoDB memory heap is disabled
2019-11-19 10:29:52 7280 [Note] InnoDB: Mutexes and rw_locks use Windows interlocked functions
2019-11-19 10:29:52 7280 [Note] InnoDB: Memory barrier is not used
2019-11-19 10:29:52 7280 [Note] InnoDB: Compressed tables use zlib 1.2.3
2019-11-19 10:29:52 7280 [Note] InnoDB: Not using CPU crc32 instructions
2019-11-19 10:29:52 7280 [Note] InnoDB: Initializing buffer pool, size = 32.0M
2019-11-19 10:29:52 7280 [Note] InnoDB: Completed initialization of buffer pool
2019-11-19 10:29:52 7280 [Note] InnoDB: Highest supported file format is Barracuda.
2019-11-19 10:29:53 7280 [Note] InnoDB: 128 rollback segment(s) are active.
2019-11-19 10:29:53 7280 [Note] InnoDB: Waiting for purge to start
2019-11-19 10:29:53 7280 [Note] InnoDB: 5.6.35 started; log sequence number 125616871
2019-11-19 10:29:53 7280 [Note] Server hostname (bind-address): '127.0.0.1'; port: 3306
2019-11-19 10:29:53 7280 [Note]   - '127.0.0.1' resolves to '127.0.0.1';
2019-11-19 10:29:53 7280 [Note] Server socket created on IP: '127.0.0.1'.
2019-11-19 10:29:53 7280 [Note] Event Scheduler: Loaded 0 events
2019-11-19 10:29:53 7280 [Note] C:\Users\amg\Downloads\PHP-App-Remote-Code\PHP-App-Remote-Code-Execution-Testbed-master\PHP-App-Remote-Code-Execution-Testbed-master\App\core\mysql\bin\mysqld_z.exe: ready for connections.
Version: '5.6.35'  socket: ''  port: 3306  MySQL Community Server (GPL)
2019-11-19 13:57:45 7280 [Note] C:\Users\amg\Downloads\PHP-App-Remote-Code\PHP-App-Remote-Code-Execution-Testbed-master\PHP-App-Remote-Code-Execution-Testbed-master\App\core\mysql\bin\mysqld_z.exe: Normal shutdown

2019-11-19 13:57:45 7280 [Note] Giving 0 client threads a chance to die gracefully
2019-11-19 13:57:45 7280 [Note] Event Scheduler: Purging the queue. 0 events
2019-11-19 13:57:45 7280 [Note] Shutting down slave threads
2019-11-19 13:57:45 7280 [Note] Forcefully disconnecting 0 remaining clients
2019-11-19 13:57:45 7280 [Note] Binlog end
2019-11-19 13:57:45 7280 [Note] Shutting down plugin 'partition'
2019-11-19 13:57:45 7280 [Note] Shutting down plugin 'PERFORMANCE_SCHEMA'
2019-11-19 13:57:45 7280 [Note] Shutting down plugin 'INNODB_SYS_DATAFILES'
2019-11-19 13:57:45 7280 [Note] Shutting down plugin 'INNODB_SYS_TABLESPACES'
2019-11-19 13:57:45 7280 [Note] Shutting down plugin 'INNODB_SYS_FOREIGN_COLS'
2019-11-19 13:57:45 7280 [Note] Shutting down plugin 'INNODB_SYS_FOREIGN'
2019-11-19 13:57:45 7280 [Note] Shutting down plugin 'INNODB_SYS_FIELDS'
2019-11-19 13:57:45 7280 [Note] Shutting down plugin 'INNODB_SYS_COLUMNS'
2019-11-19 13:57:45 7280 [Note] Shutting down plugin 'INNODB_SYS_INDEXES'
2019-11-19 13:57:45 7280 [Note] Shutting down plugin 'INNODB_SYS_TABLESTATS'
2019-11-19 13:57:45 7280 [Note] Shutting down plugin 'INNODB_SYS_TABLES'
2019-11-19 13:57:45 7280 [Note] Shutting down plugin 'INNODB_FT_INDEX_TABLE'
2019-11-19 13:57:45 7280 [Note] Shutting down plugin 'INNODB_FT_INDEX_CACHE'
2019-11-19 13:57:45 7280 [Note] Shutting down plugin 'INNODB_FT_CONFIG'
2019-11-19 13:57:45 7280 [Note] Shutting down plugin 'INNODB_FT_BEING_DELETED'
2019-11-19 13:57:45 7280 [Note] Shutting down plugin 'INNODB_FT_DELETED'
2019-11-19 13:57:45 7280 [Note] Shutting down plugin 'INNODB_FT_DEFAULT_STOPWORD'
2019-11-19 13:57:45 7280 [Note] Shutting down plugin 'INNODB_METRICS'
2019-11-19 13:57:45 7280 [Note] Shutting down plugin 'INNODB_BUFFER_POOL_STATS'
2019-11-19 13:57:45 7280 [Note] Shutting down plugin 'INNODB_BUFFER_PAGE_LRU'
2019-11-19 13:57:45 7280 [Note] Shutting down plugin 'INNODB_BUFFER_PAGE'
2019-11-19 13:57:45 7280 [Note] Shutting down plugin 'INNODB_CMP_PER_INDEX_RESET'
2019-11-19 13:57:45 7280 [Note] Shutting down plugin 'INNODB_CMP_PER_INDEX'
2019-11-19 13:57:45 7280 [Note] Shutting down plugin 'INNODB_CMPMEM_RESET'
2019-11-19 13:57:45 7280 [Note] Shutting down plugin 'INNODB_CMPMEM'
2019-11-19 13:57:45 7280 [Note] Shutting down plugin 'INNODB_CMP_RESET'
2019-11-19 13:57:45 7280 [Note] Shutting down plugin 'INNODB_CMP'
2019-11-19 13:57:45 7280 [Note] Shutting down plugin 'INNODB_LOCK_WAITS'
2019-11-19 13:57:45 7280 [Note] Shutting down plugin 'INNODB_LOCKS'
2019-11-19 13:57:45 7280 [Note] Shutting down plugin 'INNODB_TRX'
2019-11-19 13:57:45 7280 [Note] Shutting down plugin 'InnoDB'
2019-11-19 13:57:45 7280 [Note] InnoDB: FTS optimize thread exiting.
2019-11-19 13:57:45 7280 [Note] InnoDB: Starting shutdown...
2019-11-19 13:57:46 7280 [Note] InnoDB: Shutdown completed; log sequence number 125826417
2019-11-19 13:57:46 7280 [Note] Shutting down plugin 'BLACKHOLE'
2019-11-19 13:57:46 7280 [Note] Shutting down plugin 'ARCHIVE'
2019-11-19 13:57:46 7280 [Note] Shutting down plugin 'MRG_MYISAM'
2019-11-19 13:57:46 7280 [Note] Shutting down plugin 'MyISAM'
2019-11-19 13:57:46 7280 [Note] Shutting down plugin 'MEMORY'
2019-11-19 13:57:46 7280 [Note] Shutting down plugin 'CSV'
2019-11-19 13:57:46 7280 [Note] Shutting down plugin 'sha256_password'
2019-11-19 13:57:46 7280 [Note] Shutting down plugin 'mysql_old_password'
2019-11-19 13:57:46 7280 [Note] Shutting down plugin 'mysql_native_password'
2019-11-19 13:57:46 7280 [Note] Shutting down plugin 'binlog'
2019-11-19 13:57:46 7280 [Note] C:\Users\amg\Downloads\PHP-App-Remote-Code\PHP-App-Remote-Code-Execution-Testbed-master\PHP-App-Remote-Code-Execution-Testbed-master\App\core\mysql\bin\mysqld_z.exe: Shutdown complete

2019-11-19 14:09:29 4936 [Note] Plugin 'FEDERATED' is disabled.
2019-11-19 14:09:29 4936 [Note] InnoDB: Using atomics to ref count buffer pool pages
2019-11-19 14:09:29 4936 [Note] InnoDB: The InnoDB memory heap is disabled
2019-11-19 14:09:29 4936 [Note] InnoDB: Mutexes and rw_locks use Windows interlocked functions
2019-11-19 14:09:29 4936 [Note] InnoDB: Memory barrier is not used
2019-11-19 14:09:29 4936 [Note] InnoDB: Compressed tables use zlib 1.2.3
2019-11-19 14:09:29 4936 [Note] InnoDB: Not using CPU crc32 instructions
2019-11-19 14:09:29 4936 [Note] InnoDB: Initializing buffer pool, size = 32.0M
2019-11-19 14:09:29 4936 [Note] InnoDB: Completed initialization of buffer pool
2019-11-19 14:09:29 4936 [Note] InnoDB: Highest supported file format is Barracuda.
2019-11-19 14:09:30 4936 [Note] InnoDB: 128 rollback segment(s) are active.
2019-11-19 14:09:30 4936 [Note] InnoDB: Waiting for purge to start
2019-11-19 14:09:30 4936 [Note] InnoDB: 5.6.35 started; log sequence number 125826417
2019-11-19 14:09:30 4936 [Note] Server hostname (bind-address): '127.0.0.1'; port: 3306
2019-11-19 14:09:30 4936 [Note]   - '127.0.0.1' resolves to '127.0.0.1';
2019-11-19 14:09:30 4936 [Note] Server socket created on IP: '127.0.0.1'.
2019-11-19 14:09:30 4936 [Note] Event Scheduler: Loaded 0 events
2019-11-19 14:09:30 4936 [Note] F:\MurrayXSSApplication\App\core\mysql\bin\mysqld_z.exe: ready for connections.
Version: '5.6.35'  socket: ''  port: 3306  MySQL Community Server (GPL)
2019-11-19 18:34:07 10308 [Note] Plugin 'FEDERATED' is disabled.
2019-11-19 18:34:07 10308 [Note] InnoDB: Using atomics to ref count buffer pool pages
2019-11-19 18:34:07 10308 [Note] InnoDB: The InnoDB memory heap is disabled
2019-11-19 18:34:07 10308 [Note] InnoDB: Mutexes and rw_locks use Windows interlocked functions
2019-11-19 18:34:07 10308 [Note] InnoDB: Memory barrier is not used
2019-11-19 18:34:07 10308 [Note] InnoDB: Compressed tables use zlib 1.2.3
2019-11-19 18:34:07 10308 [Note] InnoDB: Not using CPU crc32 instructions
2019-11-19 18:34:08 10308 [Note] InnoDB: Initializing buffer pool, size = 32.0M
2019-11-19 18:34:08 10308 [Note] InnoDB: Completed initialization of buffer pool
2019-11-19 18:34:08 10308 [Note] InnoDB: Highest supported file format is Barracuda.
2019-11-19 18:34:08 10308 [Note] InnoDB: The log sequence numbers 125826417 and 125826417 in ibdata files do not match the log sequence number 126816401 in the ib_logfiles!
2019-11-19 18:34:08 10308 [Note] InnoDB: Database was not shutdown normally!
2019-11-19 18:34:08 10308 [Note] InnoDB: Starting crash recovery.
2019-11-19 18:34:08 10308 [Note] InnoDB: Reading tablespace information from the .ibd files...
2019-11-19 18:34:12 10308 [Note] InnoDB: Restoring possible half-written data pages 
2019-11-19 18:34:12 10308 [Note] InnoDB: from the doublewrite buffer...
2019-11-19 18:34:12 10308 [Note] InnoDB: 128 rollback segment(s) are active.
2019-11-19 18:34:12 10308 [Note] InnoDB: Waiting for purge to start
2019-11-19 18:34:12 10308 [Note] InnoDB: 5.6.35 started; log sequence number 126816401
2019-11-19 18:34:12 10308 [Note] Server hostname (bind-address): '127.0.0.1'; port: 3306
2019-11-19 18:34:12 10308 [Note]   - '127.0.0.1' resolves to '127.0.0.1';
2019-11-19 18:34:12 10308 [Note] Server socket created on IP: '127.0.0.1'.
2019-11-19 18:34:13 10308 [Note] Event Scheduler: Loaded 0 events
2019-11-19 18:34:13 10308 [Note] E:\MurrayXSSApplication\App\core\mysql\bin\mysqld_z.exe: ready for connections.
Version: '5.6.35'  socket: ''  port: 3306  MySQL Community Server (GPL)
2019-11-20 12:23:49 3916 [Note] Plugin 'FEDERATED' is disabled.
2019-11-20 12:23:49 3916 [Note] InnoDB: Using atomics to ref count buffer pool pages
2019-11-20 12:23:49 3916 [Note] InnoDB: The InnoDB memory heap is disabled
2019-11-20 12:23:49 3916 [Note] InnoDB: Mutexes and rw_locks use Windows interlocked functions
2019-11-20 12:23:49 3916 [Note] InnoDB: Memory barrier is not used
2019-11-20 12:23:49 3916 [Note] InnoDB: Compressed tables use zlib 1.2.3
2019-11-20 12:23:49 3916 [Note] InnoDB: Not using CPU crc32 instructions
2019-11-20 12:23:49 3916 [Note] InnoDB: Initializing buffer pool, size = 32.0M
2019-11-20 12:23:49 3916 [Note] InnoDB: Completed initialization of buffer pool
2019-11-20 12:23:49 3916 [Note] InnoDB: Highest supported file format is Barracuda.
2019-11-20 12:23:49 3916 [Note] InnoDB: The log sequence numbers 125826417 and 125826417 in ibdata files do not match the log sequence number 131308460 in the ib_logfiles!
2019-11-20 12:23:49 3916 [Note] InnoDB: Database was not shutdown normally!
2019-11-20 12:23:49 3916 [Note] InnoDB: Starting crash recovery.
2019-11-20 12:23:49 3916 [Note] InnoDB: Reading tablespace information from the .ibd files...
2019-11-20 12:23:53 3916 [Note] InnoDB: Restoring possible half-written data pages 
2019-11-20 12:23:53 3916 [Note] InnoDB: from the doublewrite buffer...
2019-11-20 12:23:54 3916 [Note] InnoDB: 128 rollback segment(s) are active.
2019-11-20 12:23:54 3916 [Note] InnoDB: Waiting for purge to start
2019-11-20 12:23:54 3916 [Note] InnoDB: 5.6.35 started; log sequence number 131308460
2019-11-20 12:23:55 3916 [Note] Server hostname (bind-address): '127.0.0.1'; port: 3306
2019-11-20 12:23:55 3916 [Note]   - '127.0.0.1' resolves to '127.0.0.1';
2019-11-20 12:23:55 3916 [Note] Server socket created on IP: '127.0.0.1'.
2019-11-20 12:23:55 3916 [Note] Event Scheduler: Loaded 0 events
2019-11-20 12:23:55 3916 [Note] F:\MurrayXSSApplication\App\core\mysql\bin\mysqld_z.exe: ready for connections.
Version: '5.6.35'  socket: ''  port: 3306  MySQL Community Server (GPL)
2020-01-28 10:59:50 1084 [Note] Plugin 'FEDERATED' is disabled.
2020-01-28 10:59:50 1084 [Note] InnoDB: Using atomics to ref count buffer pool pages
2020-01-28 10:59:50 1084 [Note] InnoDB: The InnoDB memory heap is disabled
2020-01-28 10:59:50 1084 [Note] InnoDB: Mutexes and rw_locks use Windows interlocked functions
2020-01-28 10:59:50 1084 [Note] InnoDB: Memory barrier is not used
2020-01-28 10:59:50 1084 [Note] InnoDB: Compressed tables use zlib 1.2.3
2020-01-28 10:59:50 1084 [Note] InnoDB: Not using CPU crc32 instructions
2020-01-28 10:59:50 1084 [Note] InnoDB: Initializing buffer pool, size = 32.0M
2020-01-28 10:59:50 1084 [Note] InnoDB: Completed initialization of buffer pool
2020-01-28 10:59:50 1084 [Note] InnoDB: Highest supported file format is Barracuda.
2020-01-28 10:59:50 1084 [Note] InnoDB: The log sequence numbers 125826417 and 125826417 in ibdata files do not match the log sequence number 131308470 in the ib_logfiles!
2020-01-28 10:59:50 1084 [Note] InnoDB: Database was not shutdown normally!
2020-01-28 10:59:50 1084 [Note] InnoDB: Starting crash recovery.
2020-01-28 10:59:50 1084 [Note] InnoDB: Reading tablespace information from the .ibd files...
2020-01-28 10:59:55 1084 [Note] InnoDB: Restoring possible half-written data pages 
2020-01-28 10:59:55 1084 [Note] InnoDB: from the doublewrite buffer...
2020-01-28 11:00:05 1084 [Note] InnoDB: 128 rollback segment(s) are active.
2020-01-28 11:00:05 1084 [Note] InnoDB: Waiting for purge to start
2020-01-28 11:00:05 1084 [Note] InnoDB: 5.6.35 started; log sequence number 131308470
2020-01-28 11:00:05 1084 [Note] Server hostname (bind-address): '127.0.0.1'; port: 3306
2020-01-28 11:00:05 1084 [Note]   - '127.0.0.1' resolves to '127.0.0.1';
2020-01-28 11:00:05 1084 [Note] Server socket created on IP: '127.0.0.1'.
2020-01-28 11:00:06 1084 [Note] Event Scheduler: Loaded 0 events
2020-01-28 11:00:06 1084 [Note] F:\MurrayXSSApplication\App\core\mysql\bin\mysqld_z.exe: ready for connections.
Version: '5.6.35'  socket: ''  port: 3306  MySQL Community Server (GPL)
2020-02-04 16:04:09 11852 [Note] Plugin 'FEDERATED' is disabled.
2020-02-04 16:04:09 11852 [Note] InnoDB: Using atomics to ref count buffer pool pages
2020-02-04 16:04:09 11852 [Note] InnoDB: The InnoDB memory heap is disabled
2020-02-04 16:04:09 11852 [Note] InnoDB: Mutexes and rw_locks use Windows interlocked functions
2020-02-04 16:04:09 11852 [Note] InnoDB: Memory barrier is not used
2020-02-04 16:04:09 11852 [Note] InnoDB: Compressed tables use zlib 1.2.3
2020-02-04 16:04:09 11852 [Note] InnoDB: Not using CPU crc32 instructions
2020-02-04 16:04:09 11852 [Note] InnoDB: Initializing buffer pool, size = 32.0M
2020-02-04 16:04:09 11852 [Note] InnoDB: Completed initialization of buffer pool
2020-02-04 16:04:09 11852 [Note] InnoDB: Highest supported file format is Barracuda.
2020-02-04 16:04:09 11852 [Note] InnoDB: The log sequence numbers 125826417 and 125826417 in ibdata files do not match the log sequence number 132163447 in the ib_logfiles!
2020-02-04 16:04:09 11852 [Note] InnoDB: Database was not shutdown normally!
2020-02-04 16:04:09 11852 [Note] InnoDB: Starting crash recovery.
2020-02-04 16:04:09 11852 [Note] InnoDB: Reading tablespace information from the .ibd files...
2020-02-04 16:04:16 11852 [Note] InnoDB: Restoring possible half-written data pages 
2020-02-04 16:04:16 11852 [Note] InnoDB: from the doublewrite buffer...
2020-02-04 16:04:17 11852 [Note] InnoDB: 128 rollback segment(s) are active.
2020-02-04 16:04:17 11852 [Note] InnoDB: Waiting for purge to start
2020-02-04 16:04:17 11852 [Note] InnoDB: 5.6.35 started; log sequence number 132163447
2020-02-04 16:04:17 11852 [Note] Server hostname (bind-address): '127.0.0.1'; port: 3306
2020-02-04 16:04:17 11852 [Note]   - '127.0.0.1' resolves to '127.0.0.1';
2020-02-04 16:04:17 11852 [Note] Server socket created on IP: '127.0.0.1'.
2020-02-04 16:04:18 11852 [Note] Event Scheduler: Loaded 0 events
2020-02-04 16:04:18 11852 [Note] E:\MurrayXSSApplication\App\core\mysql\bin\mysqld_z.exe: ready for connections.
Version: '5.6.35'  socket: ''  port: 3306  MySQL Community Server (GPL)
2020-02-12 12:27:21 6064 [Note] Plugin 'FEDERATED' is disabled.
2020-02-12 12:27:21 6064 [Note] InnoDB: Using atomics to ref count buffer pool pages
2020-02-12 12:27:21 6064 [Note] InnoDB: The InnoDB memory heap is disabled
2020-02-12 12:27:21 6064 [Note] InnoDB: Mutexes and rw_locks use Windows interlocked functions
2020-02-12 12:27:21 6064 [Note] InnoDB: Memory barrier is not used
2020-02-12 12:27:21 6064 [Note] InnoDB: Compressed tables use zlib 1.2.3
2020-02-12 12:27:21 6064 [Note] InnoDB: Not using CPU crc32 instructions
2020-02-12 12:27:21 6064 [Note] InnoDB: Initializing buffer pool, size = 32.0M
2020-02-12 12:27:21 6064 [Note] InnoDB: Completed initialization of buffer pool
2020-02-12 12:27:21 6064 [Note] InnoDB: Highest supported file format is Barracuda.
2020-02-12 12:27:21 6064 [Note] InnoDB: The log sequence numbers 125826417 and 125826417 in ibdata files do not match the log sequence number 134827359 in the ib_logfiles!
2020-02-12 12:27:21 6064 [Note] InnoDB: Database was not shutdown normally!
2020-02-12 12:27:21 6064 [Note] InnoDB: Starting crash recovery.
2020-02-12 12:27:21 6064 [Note] InnoDB: Reading tablespace information from the .ibd files...
2020-02-12 12:27:36 6064 [Note] InnoDB: Restoring possible half-written data pages 
2020-02-12 12:27:36 6064 [Note] InnoDB: from the doublewrite buffer...
2020-02-12 12:27:39 6064 [Note] InnoDB: 128 rollback segment(s) are active.
2020-02-12 12:27:39 6064 [Note] InnoDB: Waiting for purge to start
2020-02-12 12:27:39 6064 [Note] InnoDB: 5.6.35 started; log sequence number 134827359
2020-02-12 12:27:39 6064 [Note] Server hostname (bind-address): '127.0.0.1'; port: 3306
2020-02-12 12:27:39 6064 [Note]   - '127.0.0.1' resolves to '127.0.0.1';
2020-02-12 12:27:39 6064 [Note] Server socket created on IP: '127.0.0.1'.
2020-02-12 12:27:41 6064 [Note] Event Scheduler: Loaded 0 events
2020-02-12 12:27:41 6064 [Note] F:\MurrayXSSApplication\App\core\mysql\bin\mysqld_z.exe: ready for connections.
Version: '5.6.35'  socket: ''  port: 3306  MySQL Community Server (GPL)
2020-02-17 10:21:52 6132 [Note] Plugin 'FEDERATED' is disabled.
2020-02-17 10:21:52 6132 [Note] InnoDB: Using atomics to ref count buffer pool pages
2020-02-17 10:21:52 6132 [Note] InnoDB: The InnoDB memory heap is disabled
2020-02-17 10:21:52 6132 [Note] InnoDB: Mutexes and rw_locks use Windows interlocked functions
2020-02-17 10:21:52 6132 [Note] InnoDB: Memory barrier is not used
2020-02-17 10:21:52 6132 [Note] InnoDB: Compressed tables use zlib 1.2.3
2020-02-17 10:21:52 6132 [Note] InnoDB: Not using CPU crc32 instructions
2020-02-17 10:21:52 6132 [Note] InnoDB: Initializing buffer pool, size = 32.0M
2020-02-17 10:21:52 6132 [Note] InnoDB: Completed initialization of buffer pool
2020-02-17 10:21:52 6132 [Note] InnoDB: Highest supported file format is Barracuda.
2020-02-17 10:21:52 6132 [Note] InnoDB: The log sequence numbers 125826417 and 125826417 in ibdata files do not match the log sequence number 134832179 in the ib_logfiles!
2020-02-17 10:21:52 6132 [Note] InnoDB: Database was not shutdown normally!
2020-02-17 10:21:52 6132 [Note] InnoDB: Starting crash recovery.
2020-02-17 10:21:52 6132 [Note] InnoDB: Reading tablespace information from the .ibd files...
2020-02-17 10:22:14 6132 [Note] InnoDB: Restoring possible half-written data pages 
2020-02-17 10:22:14 6132 [Note] InnoDB: from the doublewrite buffer...
2020-02-17 10:22:17 6132 [Note] InnoDB: 128 rollback segment(s) are active.
2020-02-17 10:22:17 6132 [Note] InnoDB: Waiting for purge to start
2020-02-17 10:22:17 6132 [Note] InnoDB: 5.6.35 started; log sequence number 134832179
2020-02-17 10:22:17 6132 [Note] Server hostname (bind-address): '127.0.0.1'; port: 3306
2020-02-17 10:22:17 6132 [Note]   - '127.0.0.1' resolves to '127.0.0.1';
2020-02-17 10:22:17 6132 [Note] Server socket created on IP: '127.0.0.1'.
2020-02-17 10:22:21 6132 [Note] Event Scheduler: Loaded 0 events
2020-02-17 10:22:21 6132 [Note] F:\MurrayXSSApplication\App\core\mysql\bin\mysqld_z.exe: ready for connections.
Version: '5.6.35'  socket: ''  port: 3306  MySQL Community Server (GPL)
2020-02-19 10:18:25 4192 [Note] Plugin 'FEDERATED' is disabled.
2020-02-19 10:18:25 4192 [Note] InnoDB: Using atomics to ref count buffer pool pages
2020-02-19 10:18:25 4192 [Note] InnoDB: The InnoDB memory heap is disabled
2020-02-19 10:18:25 4192 [Note] InnoDB: Mutexes and rw_locks use Windows interlocked functions
2020-02-19 10:18:25 4192 [Note] InnoDB: Memory barrier is not used
2020-02-19 10:18:25 4192 [Note] InnoDB: Compressed tables use zlib 1.2.3
2020-02-19 10:18:25 4192 [Note] InnoDB: Not using CPU crc32 instructions
2020-02-19 10:18:25 4192 [Note] InnoDB: Initializing buffer pool, size = 32.0M
2020-02-19 10:18:25 4192 [Note] InnoDB: Completed initialization of buffer pool
2020-02-19 10:18:25 4192 [Note] InnoDB: Highest supported file format is Barracuda.
2020-02-19 10:18:25 4192 [Note] InnoDB: The log sequence numbers 125826417 and 125826417 in ibdata files do not match the log sequence number 134843685 in the ib_logfiles!
2020-02-19 10:18:25 4192 [Note] InnoDB: Database was not shutdown normally!
2020-02-19 10:18:25 4192 [Note] InnoDB: Starting crash recovery.
2020-02-19 10:18:25 4192 [Note] InnoDB: Reading tablespace information from the .ibd files...
2020-02-19 10:18:29 4192 [Note] InnoDB: Restoring possible half-written data pages 
2020-02-19 10:18:29 4192 [Note] InnoDB: from the doublewrite buffer...
2020-02-19 10:18:30 4192 [Note] InnoDB: 128 rollback segment(s) are active.
2020-02-19 10:18:30 4192 [Note] InnoDB: Waiting for purge to start
2020-02-19 10:18:30 4192 [Note] InnoDB: 5.6.35 started; log sequence number 134843685
2020-02-19 10:18:30 4192 [Note] Server hostname (bind-address): '127.0.0.1'; port: 3306
2020-02-19 10:18:30 4192 [Note]   - '127.0.0.1' resolves to '127.0.0.1';
2020-02-19 10:18:30 4192 [Note] Server socket created on IP: '127.0.0.1'.
2020-02-19 10:18:30 4192 [Note] Event Scheduler: Loaded 0 events
2020-02-19 10:18:30 4192 [Note] F:\MurrayXSSApplication\App\core\mysql\bin\mysqld_z.exe: ready for connections.
Version: '5.6.35'  socket: ''  port: 3306  MySQL Community Server (GPL)
2020-02-24 11:21:17 5868 [Note] Plugin 'FEDERATED' is disabled.
2020-02-24 11:21:17 5868 [Note] InnoDB: Using atomics to ref count buffer pool pages
2020-02-24 11:21:17 5868 [Note] InnoDB: The InnoDB memory heap is disabled
2020-02-24 11:21:17 5868 [Note] InnoDB: Mutexes and rw_locks use Windows interlocked functions
2020-02-24 11:21:17 5868 [Note] InnoDB: Memory barrier is not used
2020-02-24 11:21:17 5868 [Note] InnoDB: Compressed tables use zlib 1.2.3
2020-02-24 11:21:17 5868 [Note] InnoDB: Not using CPU crc32 instructions
2020-02-24 11:21:17 5868 [Note] InnoDB: Initializing buffer pool, size = 32.0M
2020-02-24 11:21:17 5868 [Note] InnoDB: Completed initialization of buffer pool
2020-02-24 11:21:17 5868 [Note] InnoDB: Highest supported file format is Barracuda.
2020-02-24 11:21:17 5868 [Note] InnoDB: The log sequence numbers 125826417 and 125826417 in ibdata files do not match the log sequence number 135701464 in the ib_logfiles!
2020-02-24 11:21:17 5868 [Note] InnoDB: Database was not shutdown normally!
2020-02-24 11:21:17 5868 [Note] InnoDB: Starting crash recovery.
2020-02-24 11:21:17 5868 [Note] InnoDB: Reading tablespace information from the .ibd files...
2020-02-24 11:21:22 5868 [Note] InnoDB: Restoring possible half-written data pages 
2020-02-24 11:21:22 5868 [Note] InnoDB: from the doublewrite buffer...
2020-02-24 11:21:25 5868 [Note] InnoDB: 128 rollback segment(s) are active.
2020-02-24 11:21:25 5868 [Note] InnoDB: Waiting for purge to start
2020-02-24 11:21:25 5868 [Note] InnoDB: 5.6.35 started; log sequence number 135701464
2020-02-24 11:21:25 5868 [Note] Server hostname (bind-address): '127.0.0.1'; port: 3306
2020-02-24 11:21:25 5868 [Note]   - '127.0.0.1' resolves to '127.0.0.1';
2020-02-24 11:21:25 5868 [Note] Server socket created on IP: '127.0.0.1'.
2020-02-24 11:21:26 5868 [Note] Event Scheduler: Loaded 0 events
2020-02-24 11:21:26 5868 [Note] F:\MurrayXSSApplication\App\core\mysql\bin\mysqld_z.exe: ready for connections.
Version: '5.6.35'  socket: ''  port: 3306  MySQL Community Server (GPL)
2020-02-24 12:39:13 6244 [Note] Plugin 'FEDERATED' is disabled.
2020-02-24 12:39:13 6244 [Note] InnoDB: Using atomics to ref count buffer pool pages
2020-02-24 12:39:13 6244 [Note] InnoDB: The InnoDB memory heap is disabled
2020-02-24 12:39:13 6244 [Note] InnoDB: Mutexes and rw_locks use Windows interlocked functions
2020-02-24 12:39:13 6244 [Note] InnoDB: Memory barrier is not used
2020-02-24 12:39:13 6244 [Note] InnoDB: Compressed tables use zlib 1.2.3
2020-02-24 12:39:13 6244 [Note] InnoDB: Not using CPU crc32 instructions
2020-02-24 12:39:13 6244 [Note] InnoDB: Initializing buffer pool, size = 32.0M
2020-02-24 12:39:13 6244 [Note] InnoDB: Completed initialization of buffer pool
2020-02-24 12:39:13 6244 [Note] InnoDB: Highest supported file format is Barracuda.
2020-02-24 12:39:13 6244 [Note] InnoDB: The log sequence numbers 125826417 and 125826417 in ibdata files do not match the log sequence number 136579491 in the ib_logfiles!
2020-02-24 12:39:13 6244 [Note] InnoDB: Database was not shutdown normally!
2020-02-24 12:39:13 6244 [Note] InnoDB: Starting crash recovery.
2020-02-24 12:39:13 6244 [Note] InnoDB: Reading tablespace information from the .ibd files...
2020-02-24 12:39:17 6244 [Note] InnoDB: Restoring possible half-written data pages 
2020-02-24 12:39:17 6244 [Note] InnoDB: from the doublewrite buffer...
2020-02-24 12:39:18 6244 [Note] InnoDB: 128 rollback segment(s) are active.
2020-02-24 12:39:18 6244 [Note] InnoDB: Waiting for purge to start
2020-02-24 12:39:18 6244 [Note] InnoDB: 5.6.35 started; log sequence number 136579491
2020-02-24 12:39:18 6244 [Note] Server hostname (bind-address): '127.0.0.1'; port: 3306
2020-02-24 12:39:18 6244 [Note]   - '127.0.0.1' resolves to '127.0.0.1';
2020-02-24 12:39:18 6244 [Note] Server socket created on IP: '127.0.0.1'.
2020-02-24 12:39:19 6244 [Note] Event Scheduler: Loaded 0 events
2020-02-24 12:39:19 6244 [Note] F:\MurrayXSSApplication\App\core\mysql\bin\mysqld_z.exe: ready for connections.
Version: '5.6.35'  socket: ''  port: 3306  MySQL Community Server (GPL)
2020-02-24 12:39:36 6244 [Warning] InnoDB: Cannot open table dbhcms/dbhcms_cms_config from the internal data dictionary of InnoDB though the .frm file for the table exists. See http://dev.mysql.com/doc/refman/5.6/en/innodb-troubleshooting.html for how you can resolve the problem.
2020-02-24 12:40:02 6244 [Warning] InnoDB: Cannot open table dbhcms/dbhcms_cms_config from the internal data dictionary of InnoDB though the .frm file for the table exists. See http://dev.mysql.com/doc/refman/5.6/en/innodb-troubleshooting.html for how you can resolve the problem.
2020-02-24 12:40:21 6244 [Warning] InnoDB: Cannot open table dbhcms/dbhcms_cms_config from the internal data dictionary of InnoDB though the .frm file for the table exists. See http://dev.mysql.com/doc/refman/5.6/en/innodb-troubleshooting.html for how you can resolve the problem.
2020-02-24 12:40:21 6244 [Warning] InnoDB: Cannot open table dbhcms/dbhcms_cms_config from the internal data dictionary of InnoDB though the .frm file for the table exists. See http://dev.mysql.com/doc/refman/5.6/en/innodb-troubleshooting.html for how you can resolve the problem.
2020-02-24 12:40:32 6244 [Warning] InnoDB: Cannot open table dbhcms/dbhcms_cms_config from the internal data dictionary of InnoDB though the .frm file for the table exists. See http://dev.mysql.com/doc/refman/5.6/en/innodb-troubleshooting.html for how you can resolve the problem.
2020-02-24 12:40:32 6244 [Warning] InnoDB: Cannot open table dbhcms/dbhcms_cms_config from the internal data dictionary of InnoDB though the .frm file for the table exists. See http://dev.mysql.com/doc/refman/5.6/en/innodb-troubleshooting.html for how you can resolve the problem.
2020-02-24 12:40:38 634  InnoDB: Error: table `dbhcms`.`dbhcms_cms_config` does not exist in the InnoDB internal
InnoDB: data dictionary though MySQL is trying to drop it.
InnoDB: Have you copied the .frm file of the table to the
InnoDB: MySQL database directory from another database?
InnoDB: You can look for further help from
InnoDB: http://dev.mysql.com/doc/refman/5.6/en/innodb-troubleshooting.html
2020-02-25 11:20:59 2824 [Note] Plugin 'FEDERATED' is disabled.
2020-02-25 11:20:59 2824 [Note] InnoDB: Using atomics to ref count buffer pool pages
2020-02-25 11:20:59 2824 [Note] InnoDB: The InnoDB memory heap is disabled
2020-02-25 11:20:59 2824 [Note] InnoDB: Mutexes and rw_locks use Windows interlocked functions
2020-02-25 11:20:59 2824 [Note] InnoDB: Memory barrier is not used
2020-02-25 11:20:59 2824 [Note] InnoDB: Compressed tables use zlib 1.2.3
2020-02-25 11:20:59 2824 [Note] InnoDB: Not using CPU crc32 instructions
2020-02-25 11:20:59 2824 [Note] InnoDB: Initializing buffer pool, size = 32.0M
2020-02-25 11:20:59 2824 [Note] InnoDB: Completed initialization of buffer pool
2020-02-25 11:20:59 2824 [Note] InnoDB: Highest supported file format is Barracuda.
2020-02-25 11:20:59 2824 [Note] InnoDB: The log sequence numbers 125826417 and 125826417 in ibdata files do not match the log sequence number 137153622 in the ib_logfiles!
2020-02-25 11:20:59 2824 [Note] InnoDB: Database was not shutdown normally!
2020-02-25 11:20:59 2824 [Note] InnoDB: Starting crash recovery.
2020-02-25 11:20:59 2824 [Note] InnoDB: Reading tablespace information from the .ibd files...
2020-02-25 11:21:04 2824 [Note] InnoDB: Restoring possible half-written data pages 
2020-02-25 11:21:04 2824 [Note] InnoDB: from the doublewrite buffer...
2020-02-25 11:21:05 2824 [Note] InnoDB: 128 rollback segment(s) are active.
2020-02-25 11:21:05 2824 [Note] InnoDB: Waiting for purge to start
2020-02-25 11:21:05 2824 [Note] InnoDB: 5.6.35 started; log sequence number 137153622
2020-02-25 11:21:05 2824 [Note] Server hostname (bind-address): '127.0.0.1'; port: 3306
2020-02-25 11:21:05 2824 [Note]   - '127.0.0.1' resolves to '127.0.0.1';
2020-02-25 11:21:05 2824 [Note] Server socket created on IP: '127.0.0.1'.
2020-02-25 11:21:06 2824 [Note] Event Scheduler: Loaded 0 events
2020-02-25 11:21:06 2824 [Note] F:\MurrayXSSApplication\App\core\mysql\bin\mysqld_z.exe: ready for connections.
Version: '5.6.35'  socket: ''  port: 3306  MySQL Community Server (GPL)
2020-02-26 11:52:32 4732 [Note] Plugin 'FEDERATED' is disabled.
2020-02-26 11:52:32 4732 [Note] InnoDB: Using atomics to ref count buffer pool pages
2020-02-26 11:52:32 4732 [Note] InnoDB: The InnoDB memory heap is disabled
2020-02-26 11:52:32 4732 [Note] InnoDB: Mutexes and rw_locks use Windows interlocked functions
2020-02-26 11:52:32 4732 [Note] InnoDB: Memory barrier is not used
2020-02-26 11:52:32 4732 [Note] InnoDB: Compressed tables use zlib 1.2.3
2020-02-26 11:52:32 4732 [Note] InnoDB: Not using CPU crc32 instructions
2020-02-26 11:52:32 4732 [Note] InnoDB: Initializing buffer pool, size = 32.0M
2020-02-26 11:52:32 4732 [Note] InnoDB: Completed initialization of buffer pool
2020-02-26 11:52:32 4732 [Note] InnoDB: Highest supported file format is Barracuda.
2020-02-26 11:52:32 4732 [Note] InnoDB: The log sequence numbers 125826417 and 125826417 in ibdata files do not match the log sequence number 137154746 in the ib_logfiles!
2020-02-26 11:52:32 4732 [Note] InnoDB: Database was not shutdown normally!
2020-02-26 11:52:32 4732 [Note] InnoDB: Starting crash recovery.
2020-02-26 11:52:32 4732 [Note] InnoDB: Reading tablespace information from the .ibd files...
2020-02-26 11:52:36 4732 [Note] InnoDB: Restoring possible half-written data pages 
2020-02-26 11:52:36 4732 [Note] InnoDB: from the doublewrite buffer...
2020-02-26 11:52:37 4732 [Note] InnoDB: 128 rollback segment(s) are active.
2020-02-26 11:52:37 4732 [Note] InnoDB: Waiting for purge to start
2020-02-26 11:52:37 4732 [Note] InnoDB: 5.6.35 started; log sequence number 137154746
2020-02-26 11:52:37 4732 [Note] Server hostname (bind-address): '127.0.0.1'; port: 3306
2020-02-26 11:52:37 4732 [Note]   - '127.0.0.1' resolves to '127.0.0.1';
2020-02-26 11:52:37 4732 [Note] Server socket created on IP: '127.0.0.1'.
2020-02-26 11:52:38 4732 [Note] Event Scheduler: Loaded 0 events
2020-02-26 11:52:38 4732 [Note] F:\MurrayXSSApplication\App\core\mysql\bin\mysqld_z.exe: ready for connections.
Version: '5.6.35'  socket: ''  port: 3306  MySQL Community Server (GPL)
2020-02-27 09:16:43 10936 [Note] Plugin 'FEDERATED' is disabled.
2020-02-27 09:16:43 10936 [Note] InnoDB: Using atomics to ref count buffer pool pages
2020-02-27 09:16:43 10936 [Note] InnoDB: The InnoDB memory heap is disabled
2020-02-27 09:16:43 10936 [Note] InnoDB: Mutexes and rw_locks use Windows interlocked functions
2020-02-27 09:16:43 10936 [Note] InnoDB: Memory barrier is not used
2020-02-27 09:16:43 10936 [Note] InnoDB: Compressed tables use zlib 1.2.3
2020-02-27 09:16:43 10936 [Note] InnoDB: Not using CPU crc32 instructions
2020-02-27 09:16:43 10936 [Note] InnoDB: Initializing buffer pool, size = 32.0M
2020-02-27 09:16:43 10936 [Note] InnoDB: Completed initialization of buffer pool
2020-02-27 09:16:43 10936 [Note] InnoDB: Highest supported file format is Barracuda.
2020-02-27 09:16:43 10936 [Note] InnoDB: The log sequence numbers 125826417 and 125826417 in ibdata files do not match the log sequence number 137368172 in the ib_logfiles!
2020-02-27 09:16:43 10936 [Note] InnoDB: Database was not shutdown normally!
2020-02-27 09:16:43 10936 [Note] InnoDB: Starting crash recovery.
2020-02-27 09:16:43 10936 [Note] InnoDB: Reading tablespace information from the .ibd files...
2020-02-27 09:16:50 10936 [Note] InnoDB: Restoring possible half-written data pages 
2020-02-27 09:16:50 10936 [Note] InnoDB: from the doublewrite buffer...
2020-02-27 09:16:51 10936 [Note] InnoDB: 128 rollback segment(s) are active.
2020-02-27 09:16:51 10936 [Note] InnoDB: Waiting for purge to start
2020-02-27 09:16:51 10936 [Note] InnoDB: 5.6.35 started; log sequence number 137368172
2020-02-27 09:16:51 10936 [Note] Server hostname (bind-address): '127.0.0.1'; port: 3306
2020-02-27 09:16:51 10936 [Note]   - '127.0.0.1' resolves to '127.0.0.1';
2020-02-27 09:16:51 10936 [Note] Server socket created on IP: '127.0.0.1'.
2020-02-27 09:16:51 10936 [Note] Event Scheduler: Loaded 0 events
2020-02-27 09:16:51 10936 [Note] E:\MurrayXSSApplication\App\core\mysql\bin\mysqld_z.exe: ready for connections.
Version: '5.6.35'  socket: ''  port: 3306  MySQL Community Server (GPL)
2020-02-27 09:26:46 4184 [Note] Plugin 'FEDERATED' is disabled.
2020-02-27 09:26:46 4184 [Note] InnoDB: Using atomics to ref count buffer pool pages
2020-02-27 09:26:46 4184 [Note] InnoDB: The InnoDB memory heap is disabled
2020-02-27 09:26:46 4184 [Note] InnoDB: Mutexes and rw_locks use Windows interlocked functions
2020-02-27 09:26:46 4184 [Note] InnoDB: Memory barrier is not used
2020-02-27 09:26:46 4184 [Note] InnoDB: Compressed tables use zlib 1.2.3
2020-02-27 09:26:46 4184 [Note] InnoDB: Not using CPU crc32 instructions
2020-02-27 09:26:46 4184 [Note] InnoDB: Initializing buffer pool, size = 32.0M
2020-02-27 09:26:46 4184 [Note] InnoDB: Completed initialization of buffer pool
2020-02-27 09:26:46 4184 [Note] InnoDB: Highest supported file format is Barracuda.
2020-02-27 09:26:46 4184 [Note] InnoDB: The log sequence numbers 125826417 and 125826417 in ibdata files do not match the log sequence number 137368182 in the ib_logfiles!
2020-02-27 09:26:46 4184 [Note] InnoDB: Database was not shutdown normally!
2020-02-27 09:26:46 4184 [Note] InnoDB: Starting crash recovery.
2020-02-27 09:26:46 4184 [Note] InnoDB: Reading tablespace information from the .ibd files...
2020-02-27 09:26:49 4184 [Note] InnoDB: Restoring possible half-written data pages 
2020-02-27 09:26:49 4184 [Note] InnoDB: from the doublewrite buffer...
2020-02-27 09:26:50 4184 [Note] InnoDB: 128 rollback segment(s) are active.
2020-02-27 09:26:50 4184 [Note] InnoDB: Waiting for purge to start
2020-02-27 09:26:50 4184 [Note] InnoDB: 5.6.35 started; log sequence number 137368182
2020-02-27 09:26:50 4184 [Note] Server hostname (bind-address): '127.0.0.1'; port: 3306
2020-02-27 09:26:50 4184 [Note]   - '127.0.0.1' resolves to '127.0.0.1';
2020-02-27 09:26:50 4184 [Note] Server socket created on IP: '127.0.0.1'.
2020-02-27 09:26:51 4184 [Note] Event Scheduler: Loaded 0 events
2020-02-27 09:26:51 4184 [Note] F:\MurrayXSSApplication\App\core\mysql\bin\mysqld_z.exe: ready for connections.
Version: '5.6.35'  socket: ''  port: 3306  MySQL Community Server (GPL)
2020-02-27 11:10:01 4184 [Note] F:\MurrayXSSApplication\App\core\mysql\bin\mysqld_z.exe: Normal shutdown

2020-02-27 11:10:01 4184 [Note] Giving 0 client threads a chance to die gracefully
2020-02-27 11:10:01 4184 [Note] Event Scheduler: Purging the queue. 0 events
2020-02-27 11:10:01 4184 [Note] Shutting down slave threads
2020-02-27 11:10:01 4184 [Note] Forcefully disconnecting 0 remaining clients
2020-02-27 11:10:01 4184 [Note] Binlog end
2020-02-27 11:10:01 4184 [Note] Shutting down plugin 'partition'
2020-02-27 11:10:01 4184 [Note] Shutting down plugin 'PERFORMANCE_SCHEMA'
2020-02-27 11:10:01 4184 [Note] Shutting down plugin 'INNODB_SYS_DATAFILES'
2020-02-27 11:10:01 4184 [Note] Shutting down plugin 'INNODB_SYS_TABLESPACES'
2020-02-27 11:10:01 4184 [Note] Shutting down plugin 'INNODB_SYS_FOREIGN_COLS'
2020-02-27 11:10:01 4184 [Note] Shutting down plugin 'INNODB_SYS_FOREIGN'
2020-02-27 11:10:01 4184 [Note] Shutting down plugin 'INNODB_SYS_FIELDS'
2020-02-27 11:10:01 4184 [Note] Shutting down plugin 'INNODB_SYS_COLUMNS'
2020-02-27 11:10:01 4184 [Note] Shutting down plugin 'INNODB_SYS_INDEXES'
2020-02-27 11:10:01 4184 [Note] Shutting down plugin 'INNODB_SYS_TABLESTATS'
2020-02-27 11:10:01 4184 [Note] Shutting down plugin 'INNODB_SYS_TABLES'
2020-02-27 11:10:01 4184 [Note] Shutting down plugin 'INNODB_FT_INDEX_TABLE'
2020-02-27 11:10:01 4184 [Note] Shutting down plugin 'INNODB_FT_INDEX_CACHE'
2020-02-27 11:10:01 4184 [Note] Shutting down plugin 'INNODB_FT_CONFIG'
2020-02-27 11:10:01 4184 [Note] Shutting down plugin 'INNODB_FT_BEING_DELETED'
2020-02-27 11:10:01 4184 [Note] Shutting down plugin 'INNODB_FT_DELETED'
2020-02-27 11:10:01 4184 [Note] Shutting down plugin 'INNODB_FT_DEFAULT_STOPWORD'
2020-02-27 11:10:01 4184 [Note] Shutting down plugin 'INNODB_METRICS'
2020-02-27 11:10:01 4184 [Note] Shutting down plugin 'INNODB_BUFFER_POOL_STATS'
2020-02-27 11:10:01 4184 [Note] Shutting down plugin 'INNODB_BUFFER_PAGE_LRU'
2020-02-27 11:10:01 4184 [Note] Shutting down plugin 'INNODB_BUFFER_PAGE'
2020-02-27 11:10:01 4184 [Note] Shutting down plugin 'INNODB_CMP_PER_INDEX_RESET'
2020-02-27 11:10:01 4184 [Note] Shutting down plugin 'INNODB_CMP_PER_INDEX'
2020-02-27 11:10:01 4184 [Note] Shutting down plugin 'INNODB_CMPMEM_RESET'
2020-02-27 11:10:01 4184 [Note] Shutting down plugin 'INNODB_CMPMEM'
2020-02-27 11:10:01 4184 [Note] Shutting down plugin 'INNODB_CMP_RESET'
2020-02-27 11:10:01 4184 [Note] Shutting down plugin 'INNODB_CMP'
2020-02-27 11:10:01 4184 [Note] Shutting down plugin 'INNODB_LOCK_WAITS'
2020-02-27 11:10:01 4184 [Note] Shutting down plugin 'INNODB_LOCKS'
2020-02-27 11:10:01 4184 [Note] Shutting down plugin 'INNODB_TRX'
2020-02-27 11:10:01 4184 [Note] Shutting down plugin 'InnoDB'
2020-02-27 11:10:01 4184 [Note] InnoDB: FTS optimize thread exiting.
2020-02-27 11:10:01 4184 [Note] InnoDB: Starting shutdown...
2020-02-27 11:10:02 4184 [Note] InnoDB: Shutdown completed; log sequence number 137422936
2020-02-27 11:10:02 4184 [Note] Shutting down plugin 'BLACKHOLE'
2020-02-27 11:10:02 4184 [Note] Shutting down plugin 'ARCHIVE'
2020-02-27 11:10:02 4184 [Note] Shutting down plugin 'MRG_MYISAM'
2020-02-27 11:10:02 4184 [Note] Shutting down plugin 'MyISAM'
2020-02-27 11:10:02 4184 [Note] Shutting down plugin 'MEMORY'
2020-02-27 11:10:02 4184 [Note] Shutting down plugin 'CSV'
2020-02-27 11:10:02 4184 [Note] Shutting down plugin 'sha256_password'
2020-02-27 11:10:02 4184 [Note] Shutting down plugin 'mysql_old_password'
2020-02-27 11:10:02 4184 [Note] Shutting down plugin 'mysql_native_password'
2020-02-27 11:10:02 4184 [Note] Shutting down plugin 'binlog'
2020-02-27 11:10:02 4184 [Note] F:\MurrayXSSApplication\App\core\mysql\bin\mysqld_z.exe: Shutdown complete

2020-02-27 19:55:07 10696 [Note] Plugin 'FEDERATED' is disabled.
2020-02-27 19:55:07 10696 [Note] InnoDB: Using atomics to ref count buffer pool pages
2020-02-27 19:55:07 10696 [Note] InnoDB: The InnoDB memory heap is disabled
2020-02-27 19:55:07 10696 [Note] InnoDB: Mutexes and rw_locks use Windows interlocked functions
2020-02-27 19:55:07 10696 [Note] InnoDB: Memory barrier is not used
2020-02-27 19:55:07 10696 [Note] InnoDB: Compressed tables use zlib 1.2.3
2020-02-27 19:55:07 10696 [Note] InnoDB: Not using CPU crc32 instructions
2020-02-27 19:55:07 10696 [Note] InnoDB: Initializing buffer pool, size = 32.0M
2020-02-27 19:55:07 10696 [Note] InnoDB: Completed initialization of buffer pool
2020-02-27 19:55:07 10696 [Note] InnoDB: Highest supported file format is Barracuda.
2020-02-27 19:55:18 10696 [Note] InnoDB: 128 rollback segment(s) are active.
2020-02-27 19:55:18 10696 [Note] InnoDB: Waiting for purge to start
2020-02-27 19:55:18 10696 [Note] InnoDB: 5.6.35 started; log sequence number 137422936
2020-02-27 19:55:18 10696 [Note] Server hostname (bind-address): '127.0.0.1'; port: 3306
2020-02-27 19:55:18 10696 [Note]   - '127.0.0.1' resolves to '127.0.0.1';
2020-02-27 19:55:18 10696 [Note] Server socket created on IP: '127.0.0.1'.
2020-02-27 19:55:19 10696 [Note] Event Scheduler: Loaded 0 events
2020-02-27 19:55:19 10696 [Note] E:\MurrayXSSApplication\App\core\mysql\bin\mysqld_z.exe: ready for connections.
Version: '5.6.35'  socket: ''  port: 3306  MySQL Community Server (GPL)
2020-02-27 20:10:06 240 [Note] Plugin 'FEDERATED' is disabled.
2020-02-27 20:10:06 240 [Note] InnoDB: Using atomics to ref count buffer pool pages
2020-02-27 20:10:06 240 [Note] InnoDB: The InnoDB memory heap is disabled
2020-02-27 20:10:06 240 [Note] InnoDB: Mutexes and rw_locks use Windows interlocked functions
2020-02-27 20:10:06 240 [Note] InnoDB: Memory barrier is not used
2020-02-27 20:10:06 240 [Note] InnoDB: Compressed tables use zlib 1.2.3
2020-02-27 20:10:06 240 [Note] InnoDB: Not using CPU crc32 instructions
2020-02-27 20:10:06 240 [Note] InnoDB: Initializing buffer pool, size = 32.0M
2020-02-27 20:10:06 240 [Note] InnoDB: Completed initialization of buffer pool
2020-02-27 20:10:06 240 [Note] InnoDB: Highest supported file format is Barracuda.
2020-02-27 20:10:06 240 [Note] InnoDB: The log sequence numbers 137422936 and 137422936 in ibdata files do not match the log sequence number 137422946 in the ib_logfiles!
2020-02-27 20:10:06 240 [Note] InnoDB: Database was not shutdown normally!
2020-02-27 20:10:06 240 [Note] InnoDB: Starting crash recovery.
2020-02-27 20:10:06 240 [Note] InnoDB: Reading tablespace information from the .ibd files...
2020-02-27 20:10:15 240 [Note] InnoDB: Restoring possible half-written data pages 
2020-02-27 20:10:15 240 [Note] InnoDB: from the doublewrite buffer...
2020-02-27 20:10:16 240 [Note] InnoDB: 128 rollback segment(s) are active.
2020-02-27 20:10:16 240 [Note] InnoDB: Waiting for purge to start
2020-02-27 20:10:16 240 [Note] InnoDB: 5.6.35 started; log sequence number 137422946
2020-02-27 20:10:16 240 [Note] Server hostname (bind-address): '127.0.0.1'; port: 3306
2020-02-27 20:10:16 240 [Note]   - '127.0.0.1' resolves to '127.0.0.1';
2020-02-27 20:10:16 240 [Note] Server socket created on IP: '127.0.0.1'.
2020-02-27 20:10:16 240 [Note] Event Scheduler: Loaded 0 events
2020-02-27 20:10:16 240 [Note] E:\MurrayXSSApplication\App\core\mysql\bin\mysqld_z.exe: ready for connections.
Version: '5.6.35'  socket: ''  port: 3306  MySQL Community Server (GPL)
2020-04-18 14:00:18 8320 [Note] Plugin 'FEDERATED' is disabled.
2020-04-18 14:00:18 8320 [Note] InnoDB: Using atomics to ref count buffer pool pages
2020-04-18 14:00:18 8320 [Note] InnoDB: The InnoDB memory heap is disabled
2020-04-18 14:00:18 8320 [Note] InnoDB: Mutexes and rw_locks use Windows interlocked functions
2020-04-18 14:00:18 8320 [Note] InnoDB: Memory barrier is not used
2020-04-18 14:00:18 8320 [Note] InnoDB: Compressed tables use zlib 1.2.3
2020-04-18 14:00:18 8320 [Note] InnoDB: Not using CPU crc32 instructions
2020-04-18 14:00:18 8320 [Note] InnoDB: Initializing buffer pool, size = 32.0M
2020-04-18 14:00:18 8320 [Note] InnoDB: Completed initialization of buffer pool
2020-04-18 14:00:18 8320 [Note] InnoDB: Highest supported file format is Barracuda.
2020-04-18 14:00:18 8320 [Note] InnoDB: The log sequence numbers 137422936 and 137422936 in ibdata files do not match the log sequence number 137443832 in the ib_logfiles!
2020-04-18 14:00:18 8320 [Note] InnoDB: Database was not shutdown normally!
2020-04-18 14:00:18 8320 [Note] InnoDB: Starting crash recovery.
2020-04-18 14:00:18 8320 [Note] InnoDB: Reading tablespace information from the .ibd files...
2020-04-18 14:00:27 8320 [Note] InnoDB: Restoring possible half-written data pages 
2020-04-18 14:00:27 8320 [Note] InnoDB: from the doublewrite buffer...
2020-04-18 14:00:28 8320 [Note] InnoDB: 128 rollback segment(s) are active.
2020-04-18 14:00:28 8320 [Note] InnoDB: Waiting for purge to start
2020-04-18 14:00:28 8320 [Note] InnoDB: 5.6.35 started; log sequence number 137443832
2020-04-18 14:00:28 8320 [Note] Server hostname (bind-address): '127.0.0.1'; port: 3306
2020-04-18 14:00:28 8320 [Note]   - '127.0.0.1' resolves to '127.0.0.1';
2020-04-18 14:00:28 8320 [Note] Server socket created on IP: '127.0.0.1'.
2020-04-18 14:00:29 8320 [Note] Event Scheduler: Loaded 0 events
2020-04-18 14:00:29 8320 [Note] E:\MurrayXSSApplication\App\core\mysql\bin\mysqld_z.exe: ready for connections.
Version: '5.6.35'  socket: ''  port: 3306  MySQL Community Server (GPL)
2020-04-21 14:28:21 12044 [Note] Plugin 'FEDERATED' is disabled.
2020-04-21 14:28:21 12044 [Note] InnoDB: Using atomics to ref count buffer pool pages
2020-04-21 14:28:21 12044 [Note] InnoDB: The InnoDB memory heap is disabled
2020-04-21 14:28:21 12044 [Note] InnoDB: Mutexes and rw_locks use Windows interlocked functions
2020-04-21 14:28:21 12044 [Note] InnoDB: Memory barrier is not used
2020-04-21 14:28:21 12044 [Note] InnoDB: Compressed tables use zlib 1.2.3
2020-04-21 14:28:21 12044 [Note] InnoDB: Not using CPU crc32 instructions
2020-04-21 14:28:21 12044 [Note] InnoDB: Initializing buffer pool, size = 32.0M
2020-04-21 14:28:21 12044 [Note] InnoDB: Completed initialization of buffer pool
2020-04-21 14:28:21 12044 [Note] InnoDB: Highest supported file format is Barracuda.
2020-04-21 14:28:21 12044 [Note] InnoDB: The log sequence numbers 137422936 and 137422936 in ibdata files do not match the log sequence number 137452698 in the ib_logfiles!
2020-04-21 14:28:21 12044 [Note] InnoDB: Database was not shutdown normally!
2020-04-21 14:28:21 12044 [Note] InnoDB: Starting crash recovery.
2020-04-21 14:28:21 12044 [Note] InnoDB: Reading tablespace information from the .ibd files...
2020-04-21 14:28:31 12044 [Note] InnoDB: Restoring possible half-written data pages 
2020-04-21 14:28:31 12044 [Note] InnoDB: from the doublewrite buffer...
2020-04-21 14:28:32 12044 [Note] InnoDB: 128 rollback segment(s) are active.
2020-04-21 14:28:32 12044 [Note] InnoDB: Waiting for purge to start
2020-04-21 14:28:32 12044 [Note] InnoDB: 5.6.35 started; log sequence number 137452698
2020-04-21 14:28:32 12044 [Note] Server hostname (bind-address): '127.0.0.1'; port: 3306
2020-04-21 14:28:32 12044 [Note]   - '127.0.0.1' resolves to '127.0.0.1';
2020-04-21 14:28:32 12044 [Note] Server socket created on IP: '127.0.0.1'.
2020-04-21 14:28:32 12044 [Note] Event Scheduler: Loaded 0 events
2020-04-21 14:28:32 12044 [Note] E:\MurrayXSSApplication\App\core\mysql\bin\mysqld_z.exe: ready for connections.
Version: '5.6.35'  socket: ''  port: 3306  MySQL Community Server (GPL)
2020-04-21 15:20:59 1968 [Note] Plugin 'FEDERATED' is disabled.
2020-04-21 15:20:59 1968 [Note] InnoDB: Using atomics to ref count buffer pool pages
2020-04-21 15:20:59 1968 [Note] InnoDB: The InnoDB memory heap is disabled
2020-04-21 15:20:59 1968 [Note] InnoDB: Mutexes and rw_locks use Windows interlocked functions
2020-04-21 15:20:59 1968 [Note] InnoDB: Memory barrier is not used
2020-04-21 15:20:59 1968 [Note] InnoDB: Compressed tables use zlib 1.2.3
2020-04-21 15:20:59 1968 [Note] InnoDB: Not using CPU crc32 instructions
2020-04-21 15:20:59 1968 [Note] InnoDB: Initializing buffer pool, size = 32.0M
2020-04-21 15:20:59 1968 [Note] InnoDB: Completed initialization of buffer pool
2020-04-21 15:20:59 1968 [Note] InnoDB: Highest supported file format is Barracuda.
2020-04-21 15:20:59 1968 [Note] InnoDB: The log sequence numbers 137422936 and 137422936 in ibdata files do not match the log sequence number 137452708 in the ib_logfiles!
2020-04-21 15:20:59 1968 [Note] InnoDB: Database was not shutdown normally!
2020-04-21 15:20:59 1968 [Note] InnoDB: Starting crash recovery.
2020-04-21 15:20:59 1968 [Note] InnoDB: Reading tablespace information from the .ibd files...
2020-04-21 15:20:59 1968 [Note] InnoDB: Restoring possible half-written data pages 
2020-04-21 15:20:59 1968 [Note] InnoDB: from the doublewrite buffer...
2020-04-21 15:21:00 1968 [Note] InnoDB: 128 rollback segment(s) are active.
2020-04-21 15:21:00 1968 [Note] InnoDB: Waiting for purge to start
2020-04-21 15:21:00 1968 [Note] InnoDB: 5.6.35 started; log sequence number 137452708
2020-04-21 15:21:00 1968 [Note] Server hostname (bind-address): '127.0.0.1'; port: 3306
2020-04-21 15:21:00 1968 [Note]   - '127.0.0.1' resolves to '127.0.0.1';
2020-04-21 15:21:00 1968 [Note] Server socket created on IP: '127.0.0.1'.
2020-04-21 15:21:00 1968 [Note] Event Scheduler: Loaded 0 events
2020-04-21 15:21:00 1968 [Note] E:\MurrayXSSApplication\App\core\mysql\bin\mysqld_z.exe: ready for connections.
Version: '5.6.35'  socket: ''  port: 3306  MySQL Community Server (GPL)
2020-04-23 17:36:07 3912 [Note] Plugin 'FEDERATED' is disabled.
2020-04-23 17:36:07 3912 [Note] InnoDB: Using atomics to ref count buffer pool pages
2020-04-23 17:36:07 3912 [Note] InnoDB: The InnoDB memory heap is disabled
2020-04-23 17:36:07 3912 [Note] InnoDB: Mutexes and rw_locks use Windows interlocked functions
2020-04-23 17:36:07 3912 [Note] InnoDB: Memory barrier is not used
2020-04-23 17:36:07 3912 [Note] InnoDB: Compressed tables use zlib 1.2.3
2020-04-23 17:36:07 3912 [Note] InnoDB: Not using CPU crc32 instructions
2020-04-23 17:36:07 3912 [Note] InnoDB: Initializing buffer pool, size = 32.0M
2020-04-23 17:36:07 3912 [Note] InnoDB: Completed initialization of buffer pool
2020-04-23 17:36:07 3912 [Note] InnoDB: Highest supported file format is Barracuda.
2020-04-23 17:36:07 3912 [Note] InnoDB: The log sequence numbers 137422936 and 137422936 in ibdata files do not match the log sequence number 137452718 in the ib_logfiles!
2020-04-23 17:36:07 3912 [Note] InnoDB: Database was not shutdown normally!
2020-04-23 17:36:07 3912 [Note] InnoDB: Starting crash recovery.
2020-04-23 17:36:07 3912 [Note] InnoDB: Reading tablespace information from the .ibd files...
2020-04-23 17:36:18 3912 [Note] InnoDB: Restoring possible half-written data pages 
2020-04-23 17:36:18 3912 [Note] InnoDB: from the doublewrite buffer...
2020-04-23 17:36:18 3912 [Note] InnoDB: 128 rollback segment(s) are active.
2020-04-23 17:36:18 3912 [Note] InnoDB: Waiting for purge to start
2020-04-23 17:36:18 3912 [Note] InnoDB: 5.6.35 started; log sequence number 137452718
2020-04-23 17:36:18 3912 [Note] Server hostname (bind-address): '127.0.0.1'; port: 3306
2020-04-23 17:36:18 3912 [Note]   - '127.0.0.1' resolves to '127.0.0.1';
2020-04-23 17:36:18 3912 [Note] Server socket created on IP: '127.0.0.1'.
2020-04-23 17:36:19 3912 [Note] Event Scheduler: Loaded 0 events
2020-04-23 17:36:19 3912 [Note] E:\MurrayXSSApplication\App\core\mysql\bin\mysqld_z.exe: ready for connections.
Version: '5.6.35'  socket: ''  port: 3306  MySQL Community Server (GPL)
2020-04-23 19:35:35 13144 [Note] Plugin 'FEDERATED' is disabled.
2020-04-23 19:35:35 13144 [Note] InnoDB: Using atomics to ref count buffer pool pages
2020-04-23 19:35:35 13144 [Note] InnoDB: The InnoDB memory heap is disabled
2020-04-23 19:35:35 13144 [Note] InnoDB: Mutexes and rw_locks use Windows interlocked functions
2020-04-23 19:35:35 13144 [Note] InnoDB: Memory barrier is not used
2020-04-23 19:35:35 13144 [Note] InnoDB: Compressed tables use zlib 1.2.3
2020-04-23 19:35:35 13144 [Note] InnoDB: Not using CPU crc32 instructions
2020-04-23 19:35:35 13144 [Note] InnoDB: Initializing buffer pool, size = 32.0M
2020-04-23 19:35:35 13144 [Note] InnoDB: Completed initialization of buffer pool
2020-04-23 19:35:35 13144 [Note] InnoDB: Highest supported file format is Barracuda.
2020-04-23 19:35:35 13144 [Note] InnoDB: The log sequence numbers 137422936 and 137422936 in ibdata files do not match the log sequence number 137471796 in the ib_logfiles!
2020-04-23 19:35:35 13144 [Note] InnoDB: Database was not shutdown normally!
2020-04-23 19:35:35 13144 [Note] InnoDB: Starting crash recovery.
2020-04-23 19:35:35 13144 [Note] InnoDB: Reading tablespace information from the .ibd files...
2020-04-23 19:35:44 13144 [Note] InnoDB: Restoring possible half-written data pages 
2020-04-23 19:35:44 13144 [Note] InnoDB: from the doublewrite buffer...
2020-04-23 19:35:45 13144 [Note] InnoDB: 128 rollback segment(s) are active.
2020-04-23 19:35:45 13144 [Note] InnoDB: Waiting for purge to start
2020-04-23 19:35:45 13144 [Note] InnoDB: 5.6.35 started; log sequence number 137471796
2020-04-23 19:35:45 13144 [Note] Server hostname (bind-address): '127.0.0.1'; port: 3306
2020-04-23 19:35:45 13144 [Note]   - '127.0.0.1' resolves to '127.0.0.1';
2020-04-23 19:35:45 13144 [Note] Server socket created on IP: '127.0.0.1'.
2020-04-23 19:35:46 13144 [Note] Event Scheduler: Loaded 0 events
2020-04-23 19:35:46 13144 [Note] E:\MurrayXSSApplication\App\core\mysql\bin\mysqld_z.exe: ready for connections.
Version: '5.6.35'  socket: ''  port: 3306  MySQL Community Server (GPL)
2020-04-24 13:08:32 6348 [Note] Plugin 'FEDERATED' is disabled.
2020-04-24 13:08:32 6348 [Note] InnoDB: Using atomics to ref count buffer pool pages
2020-04-24 13:08:32 6348 [Note] InnoDB: The InnoDB memory heap is disabled
2020-04-24 13:08:32 6348 [Note] InnoDB: Mutexes and rw_locks use Windows interlocked functions
2020-04-24 13:08:32 6348 [Note] InnoDB: Memory barrier is not used
2020-04-24 13:08:32 6348 [Note] InnoDB: Compressed tables use zlib 1.2.3
2020-04-24 13:08:32 6348 [Note] InnoDB: Not using CPU crc32 instructions
2020-04-24 13:08:32 6348 [Note] InnoDB: Initializing buffer pool, size = 32.0M
2020-04-24 13:08:32 6348 [Note] InnoDB: Completed initialization of buffer pool
2020-04-24 13:08:32 6348 [Note] InnoDB: Highest supported file format is Barracuda.
2020-04-24 13:08:32 6348 [Note] InnoDB: The log sequence numbers 137422936 and 137422936 in ibdata files do not match the log sequence number 177140382 in the ib_logfiles!
2020-04-24 13:08:32 6348 [Note] InnoDB: Database was not shutdown normally!
2020-04-24 13:08:32 6348 [Note] InnoDB: Starting crash recovery.
2020-04-24 13:08:32 6348 [Note] InnoDB: Reading tablespace information from the .ibd files...
2020-04-24 13:08:42 6348 [Note] InnoDB: Restoring possible half-written data pages 
2020-04-24 13:08:42 6348 [Note] InnoDB: from the doublewrite buffer...
2020-04-24 13:08:42 6348 [Note] InnoDB: 128 rollback segment(s) are active.
2020-04-24 13:08:42 6348 [Note] InnoDB: Waiting for purge to start
2020-04-24 13:08:42 6348 [Note] InnoDB: 5.6.35 started; log sequence number 177140382
2020-04-24 13:08:42 6348 [Note] Server hostname (bind-address): '127.0.0.1'; port: 3306
2020-04-24 13:08:42 6348 [Note]   - '127.0.0.1' resolves to '127.0.0.1';
2020-04-24 13:08:42 6348 [Note] Server socket created on IP: '127.0.0.1'.
2020-04-24 13:08:43 6348 [Note] Event Scheduler: Loaded 0 events
2020-04-24 13:08:43 6348 [Note] E:\MurrayXSSApplication\App\core\mysql\bin\mysqld_z.exe: ready for connections.
Version: '5.6.35'  socket: ''  port: 3306  MySQL Community Server (GPL)
